checkNetopiapaymentsResponse is define correctlly
checkNetopiapaymentsResponse is define correctlly
checkNetopiapaymentsResponse is define correctlly
checkNetopiapaymentsResponse is define correctlly
checkNetopiapaymentsResponse is define correctlly
checkNetopiapaymentsResponse is define correctlly
checkNetopiapaymentsResponse is define correctlly
checkNetopiapaymentsResponse is define correctlly
checkNetopiapaymentsResponse is define correctlly
checkNetopiapaymentsResponse is define correctlly
checkNetopiapaymentsResponse is define correctlly
checkNetopiapaymentsResponse is define correctlly
checkNetopiapaymentsResponse is define correctlly
checkNetopiapaymentsResponse is define correctlly
checkNetopiapaymentsResponse is define correctlly
checkNetopiapaymentsResponse is define correctlly
checkNetopiapaymentsResponse is define correctlly
checkNetopiapaymentsResponse is define correctlly
checkNetopiapaymentsResponse is define correctlly
checkNetopiapaymentsResponse is define correctlly
checkNetopiapaymentsResponse is define correctlly
checkNetopiapaymentsResponse is define correctlly
checkNetopiapaymentsResponse is define correctlly
checkNetopiapaymentsResponse is define correctlly
checkNetopiapaymentsResponse is define correctlly
checkNetopiapaymentsResponse is define correctlly
checkNetopiapaymentsResponse is define correctlly
checkNetopiapaymentsResponse is define correctlly
checkNetopiapaymentsResponse is define correctlly
checkNetopiapaymentsResponse is define correctlly
checkNetopiapaymentsResponse is define correctlly
checkNetopiapaymentsResponse is define correctlly
checkNetopiapaymentsResponse is define correctlly
checkNetopiapaymentsResponse is define correctlly
checkNetopiapaymentsResponse is define correctlly
checkNetopiapaymentsResponse is define correctlly
checkNetopiapaymentsResponse is define correctlly
checkNetopiapaymentsResponse is define correctlly
checkNetopiapaymentsResponse is define correctlly
checkNetopiapaymentsResponse is define correctlly
checkNetopiapaymentsResponse is define correctlly
checkNetopiapaymentsResponse is define correctlly
checkNetopiapaymentsResponse is define correctlly
checkNetopiapaymentsResponse is define correctlly
checkNetopiapaymentsResponse is define correctlly
checkNetopiapaymentsResponse is define correctlly
checkNetopiapaymentsResponse is define correctlly
checkNetopiapaymentsResponse is define correctlly
checkNetopiapaymentsResponse is define correctlly
checkNetopiapaymentsResponse is define correctlly
checkNetopiapaymentsResponse is define correctlly
checkNetopiapaymentsResponse is define correctlly
checkNetopiapaymentsResponse is define correctlly
checkNetopiapaymentsResponse is define correctlly
checkNetopiapaymentsResponse is define correctlly
checkNetopiapaymentsResponse is define correctlly
checkNetopiapaymentsResponse is define correctlly
checkNetopiapaymentsResponse is define correctlly
checkNetopiapaymentsResponse is define correctlly
checkNetopiapaymentsResponse is define correctlly
checkNetopiapaymentsResponse is define correctlly
checkNetopiapaymentsResponse is define correctlly
checkNetopiapaymentsResponse is define correctlly
checkNetopiapaymentsResponse is define correctlly
checkNetopiapaymentsResponse is define correctlly
checkNetopiapaymentsResponse is define correctlly
checkNetopiapaymentsResponse is define correctlly
checkNetopiapaymentsResponse is define correctlly
checkNetopiapaymentsResponse is define correctlly
checkNetopiapaymentsResponse is define correctlly
checkNetopiapaymentsResponse is define correctlly
checkNetopiapaymentsResponse is define correctlly
checkNetopiapaymentsResponse is define correctlly
checkNetopiapaymentsResponse is define correctlly
checkNetopiapaymentsResponse is define correctlly
checkNetopiapaymentsResponse is define correctlly
checkNetopiapaymentsResponse is define correctlly
checkNetopiapaymentsResponse is define correctlly
checkNetopiapaymentsResponse is define correctlly
checkNetopiapaymentsResponse is define correctlly
checkNetopiapaymentsResponse is define correctlly
checkNetopiapaymentsResponse is define correctlly
checkNetopiapaymentsResponse is define correctlly
checkNetopiapaymentsResponse is define correctlly
checkNetopiapaymentsResponse is define correctlly
checkNetopiapaymentsResponse is define correctlly
checkNetopiapaymentsResponse is define correctlly
checkNetopiapaymentsResponse is define correctlly
checkNetopiapaymentsResponse is define correctlly
checkNetopiapaymentsResponse is define correctlly
checkNetopiapaymentsResponse is define correctlly
checkNetopiapaymentsResponse is define correctlly
checkNetopiapaymentsResponse is define correctlly
checkNetopiapaymentsResponse is define correctlly
checkNetopiapaymentsResponse is define correctlly
checkNetopiapaymentsResponse is define correctlly
checkNetopiapaymentsResponse is define correctlly
checkNetopiapaymentsResponse is define correctlly
checkNetopiapaymentsResponse is define correctlly
checkNetopiapaymentsResponse is define correctlly
checkNetopiapaymentsResponse is define correctlly
checkNetopiapaymentsResponse is define correctlly
checkNetopiapaymentsResponse is define correctlly
checkNetopiapaymentsResponse is define correctlly
checkNetopiapaymentsResponse is define correctlly
checkNetopiapaymentsResponse is define correctlly
checkNetopiapaymentsResponse is define correctlly
checkNetopiapaymentsResponse is CALLED
IPN is HINT
{"order":{"data":{"wooCommerce":"Version 7.5.1","wordpress":"Version 6.2.2"},"orderID":"569_4c04ab3bbaedbccb8997310b732cff12"},"payment":{"amount":18,"binding":{"expireMonth":0,"expireYear":0},"code":"00","currency":"RON","data":{"RRN":"0x-PWqSgJ7t0"},"message":"[TEST P] Approved","ntpID":"1537284","status":8}}
-----------------
--- IPN Response ---
{"data":{"ntpID":"1537284","orderID":"569_4c04ab3bbaedbccb8997310b732cff12","amount":18,"currency":"RON"},"errorType":1,"errorCode":8,"errorMessage":"a previously confirmed payment was refinded. Check the refunded amount."}checkNetopiapaymentsResponse is define correctlly
checkNetopiapaymentsResponse is define correctlly
checkNetopiapaymentsResponse is define correctlly
checkNetopiapaymentsResponse is define correctlly
checkNetopiapaymentsResponse is define correctlly
checkNetopiapaymentsResponse is define correctlly
checkNetopiapaymentsResponse is define correctlly
checkNetopiapaymentsResponse is define correctlly
checkNetopiapaymentsResponse is define correctlly
checkNetopiapaymentsResponse is define correctlly
checkNetopiapaymentsResponse is define correctlly
checkNetopiapaymentsResponse is define correctlly
checkNetopiapaymentsResponse is define correctlly
checkNetopiapaymentsResponse is define correctlly
checkNetopiapaymentsResponse is define correctlly
checkNetopiapaymentsResponse is define correctlly
checkNetopiapaymentsResponse is define correctlly
checkNetopiapaymentsResponse is define correctlly
checkNetopiapaymentsResponse is define correctlly
checkNetopiapaymentsResponse is define correctlly
checkNetopiapaymentsResponse is define correctlly
checkNetopiapaymentsResponse is define correctlly
checkNetopiapaymentsResponse is define correctlly
checkNetopiapaymentsResponse is define correctlly
checkNetopiapaymentsResponse is define correctlly
checkNetopiapaymentsResponse is define correctlly
checkNetopiapaymentsResponse is define correctlly
checkNetopiapaymentsResponse is define correctlly
checkNetopiapaymentsResponse is define correctlly
checkNetopiapaymentsResponse is define correctlly
checkNetopiapaymentsResponse is define correctlly
checkNetopiapaymentsResponse is CALLED
IPN is HINT
{"order":{"data":{"wooCommerce":"Version 7.5.1","wordpress":"Version 6.2.2"},"orderID":"569_4c04ab3bbaedbccb8997310b732cff12"},"payment":{"amount":18,"binding":{"expireMonth":0,"expireYear":0},"code":"00","currency":"RON","data":{"RRN":"CpNJLFxv0AGz"},"message":"[TEST P] Approved","ntpID":"1537284","status":8}}
-----------------
--- IPN Response ---
{"data":{"ntpID":"1537284","orderID":"569_4c04ab3bbaedbccb8997310b732cff12","amount":18,"currency":"RON"},"errorType":1,"errorCode":8,"errorMessage":"a previously confirmed payment was refinded. Check the refunded amount."}checkNetopiapaymentsResponse is define correctlly
checkNetopiapaymentsResponse is define correctlly
checkNetopiapaymentsResponse is define correctlly
checkNetopiapaymentsResponse is define correctlly
checkNetopiapaymentsResponse is define correctlly
checkNetopiapaymentsResponse is define correctlly
checkNetopiapaymentsResponse is define correctlly
checkNetopiapaymentsResponse is define correctlly
checkNetopiapaymentsResponse is define correctlly
checkNetopiapaymentsResponse is define correctlly
checkNetopiapaymentsResponse is define correctlly
checkNetopiapaymentsResponse is define correctlly
checkNetopiapaymentsResponse is define correctlly
checkNetopiapaymentsResponse is define correctlly
checkNetopiapaymentsResponse is define correctlly
checkNetopiapaymentsResponse is define correctlly
checkNetopiapaymentsResponse is define correctlly
checkNetopiapaymentsResponse is define correctlly
checkNetopiapaymentsResponse is define correctlly
checkNetopiapaymentsResponse is define correctlly
checkNetopiapaymentsResponse is define correctlly
checkNetopiapaymentsResponse is define correctlly
checkNetopiapaymentsResponse is define correctlly
checkNetopiapaymentsResponse is define correctlly
checkNetopiapaymentsResponse is define correctlly
checkNetopiapaymentsResponse is define correctlly
checkNetopiapaymentsResponse is define correctlly
checkNetopiapaymentsResponse is define correctlly
checkNetopiapaymentsResponse is define correctlly
checkNetopiapaymentsResponse is define correctlly
checkNetopiapaymentsResponse is define correctlly
checkNetopiapaymentsResponse is define correctlly
checkNetopiapaymentsResponse is define correctlly
checkNetopiapaymentsResponse is define correctlly
checkNetopiapaymentsResponse is define correctlly
checkNetopiapaymentsResponse is define correctlly
checkNetopiapaymentsResponse is define correctlly
checkNetopiapaymentsResponse is define correctlly
checkNetopiapaymentsResponse is define correctlly
checkNetopiapaymentsResponse is define correctlly
checkNetopiapaymentsResponse is define correctlly
checkNetopiapaymentsResponse is define correctlly
checkNetopiapaymentsResponse is define correctlly
checkNetopiapaymentsResponse is define correctlly
checkNetopiapaymentsResponse is define correctlly
checkNetopiapaymentsResponse is define correctlly
checkNetopiapaymentsResponse is define correctlly
checkNetopiapaymentsResponse is define correctlly
checkNetopiapaymentsResponse is define correctlly
checkNetopiapaymentsResponse is define correctlly
checkNetopiapaymentsResponse is define correctlly
checkNetopiapaymentsResponse is define correctlly
checkNetopiapaymentsResponse is define correctlly
checkNetopiapaymentsResponse is define correctlly
checkNetopiapaymentsResponse is define correctlly
checkNetopiapaymentsResponse is define correctlly
checkNetopiapaymentsResponse is define correctlly
checkNetopiapaymentsResponse is define correctlly
checkNetopiapaymentsResponse is define correctlly
checkNetopiapaymentsResponse is define correctlly
checkNetopiapaymentsResponse is define correctlly
checkNetopiapaymentsResponse is define correctlly
checkNetopiapaymentsResponse is define correctlly
checkNetopiapaymentsResponse is define correctlly
checkNetopiapaymentsResponse is define correctlly
checkNetopiapaymentsResponse is define correctlly
checkNetopiapaymentsResponse is define correctlly
checkNetopiapaymentsResponse is define correctlly
checkNetopiapaymentsResponse is define correctlly
checkNetopiapaymentsResponse is define correctlly
checkNetopiapaymentsResponse is define correctlly
checkNetopiapaymentsResponse is define correctlly
checkNetopiapaymentsResponse is define correctlly
checkNetopiapaymentsResponse is define correctlly
checkNetopiapaymentsResponse is define correctlly
checkNetopiapaymentsResponse is define correctlly
checkNetopiapaymentsResponse is define correctlly
checkNetopiapaymentsResponse is define correctlly
checkNetopiapaymentsResponse is define correctlly
checkNetopiapaymentsResponse is define correctlly
checkNetopiapaymentsResponse is define correctlly
checkNetopiapaymentsResponse is define correctlly
checkNetopiapaymentsResponse is define correctlly
checkNetopiapaymentsResponse is define correctlly
checkNetopiapaymentsResponse is define correctlly
checkNetopiapaymentsResponse is define correctlly
checkNetopiapaymentsResponse is define correctlly
checkNetopiapaymentsResponse is define correctlly
checkNetopiapaymentsResponse is define correctlly
checkNetopiapaymentsResponse is define correctlly
checkNetopiapaymentsResponse is define correctlly
checkNetopiapaymentsResponse is define correctlly
checkNetopiapaymentsResponse is define correctlly
checkNetopiapaymentsResponse is define correctlly
checkNetopiapaymentsResponse is define correctlly
checkNetopiapaymentsResponse is define correctlly
checkNetopiapaymentsResponse is define correctlly
checkNetopiapaymentsResponse is define correctlly
checkNetopiapaymentsResponse is define correctlly
checkNetopiapaymentsResponse is define correctlly
checkNetopiapaymentsResponse is define correctlly
checkNetopiapaymentsResponse is define correctlly
checkNetopiapaymentsResponse is define correctlly
checkNetopiapaymentsResponse is define correctlly
checkNetopiapaymentsResponse is define correctlly
checkNetopiapaymentsResponse is define correctlly
checkNetopiapaymentsResponse is define correctlly
checkNetopiapaymentsResponse is define correctlly
checkNetopiapaymentsResponse is define correctlly
checkNetopiapaymentsResponse is define correctlly
checkNetopiapaymentsResponse is define correctlly
checkNetopiapaymentsResponse is define correctlly
checkNetopiapaymentsResponse is define correctlly
checkNetopiapaymentsResponse is define correctlly
checkNetopiapaymentsResponse is define correctlly
checkNetopiapaymentsResponse is define correctlly
checkNetopiapaymentsResponse is define correctlly
checkNetopiapaymentsResponse is define correctlly
checkNetopiapaymentsResponse is define correctlly
checkNetopiapaymentsResponse is define correctlly
checkNetopiapaymentsResponse is define correctlly
checkNetopiapaymentsResponse is define correctlly
checkNetopiapaymentsResponse is define correctlly
checkNetopiapaymentsResponse is define correctlly
checkNetopiapaymentsResponse is define correctlly
checkNetopiapaymentsResponse is define correctlly
checkNetopiapaymentsResponse is define correctlly
checkNetopiapaymentsResponse is define correctlly
checkNetopiapaymentsResponse is define correctlly
checkNetopiapaymentsResponse is define correctlly
checkNetopiapaymentsResponse is define correctlly
checkNetopiapaymentsResponse is define correctlly
checkNetopiapaymentsResponse is define correctlly
checkNetopiapaymentsResponse is define correctlly
checkNetopiapaymentsResponse is define correctlly
checkNetopiapaymentsResponse is define correctlly
checkNetopiapaymentsResponse is define correctlly
checkNetopiapaymentsResponse is define correctlly
checkNetopiapaymentsResponse is define correctlly
checkNetopiapaymentsResponse is define correctlly
checkNetopiapaymentsResponse is define correctlly
checkNetopiapaymentsResponse is define correctlly
checkNetopiapaymentsResponse is define correctlly
checkNetopiapaymentsResponse is define correctlly
checkNetopiapaymentsResponse is define correctlly
checkNetopiapaymentsResponse is define correctlly
checkNetopiapaymentsResponse is define correctlly
checkNetopiapaymentsResponse is define correctlly
checkNetopiapaymentsResponse is define correctlly
checkNetopiapaymentsResponse is define correctlly
checkNetopiapaymentsResponse is define correctlly
checkNetopiapaymentsResponse is define correctlly
checkNetopiapaymentsResponse is define correctlly
checkNetopiapaymentsResponse is define correctlly
checkNetopiapaymentsResponse is define correctlly
checkNetopiapaymentsResponse is define correctlly
checkNetopiapaymentsResponse is define correctlly
checkNetopiapaymentsResponse is define correctlly
checkNetopiapaymentsResponse is define correctlly
checkNetopiapaymentsResponse is define correctlly
checkNetopiapaymentsResponse is define correctlly
checkNetopiapaymentsResponse is define correctlly
checkNetopiapaymentsResponse is define correctlly
checkNetopiapaymentsResponse is define correctlly
checkNetopiapaymentsResponse is define correctlly
checkNetopiapaymentsResponse is define correctlly
checkNetopiapaymentsResponse is define correctlly
checkNetopiapaymentsResponse is define correctlly
checkNetopiapaymentsResponse is define correctlly
checkNetopiapaymentsResponse is define correctlly
checkNetopiapaymentsResponse is define correctlly
checkNetopiapaymentsResponse is define correctlly
checkNetopiapaymentsResponse is define correctlly
checkNetopiapaymentsResponse is define correctlly
checkNetopiapaymentsResponse is define correctlly
checkNetopiapaymentsResponse is define correctlly
checkNetopiapaymentsResponse is define correctlly
checkNetopiapaymentsResponse is define correctlly
checkNetopiapaymentsResponse is define correctlly
checkNetopiapaymentsResponse is define correctlly
checkNetopiapaymentsResponse is define correctlly
checkNetopiapaymentsResponse is define correctlly
checkNetopiapaymentsResponse is define correctlly
checkNetopiapaymentsResponse is define correctlly
checkNetopiapaymentsResponse is define correctlly
checkNetopiapaymentsResponse is define correctlly
checkNetopiapaymentsResponse is define correctlly
checkNetopiapaymentsResponse is define correctlly
checkNetopiapaymentsResponse is define correctlly
checkNetopiapaymentsResponse is define correctlly
checkNetopiapaymentsResponse is define correctlly
checkNetopiapaymentsResponse is define correctlly
checkNetopiapaymentsResponse is define correctlly
checkNetopiapaymentsResponse is define correctlly
checkNetopiapaymentsResponse is define correctlly
checkNetopiapaymentsResponse is define correctlly
checkNetopiapaymentsResponse is define correctlly
checkNetopiapaymentsResponse is define correctlly
checkNetopiapaymentsResponse is define correctlly
checkNetopiapaymentsResponse is define correctlly
checkNetopiapaymentsResponse is define correctlly
checkNetopiapaymentsResponse is define correctlly
checkNetopiapaymentsResponse is define correctlly
checkNetopiapaymentsResponse is define correctlly
checkNetopiapaymentsResponse is define correctlly
checkNetopiapaymentsResponse is define correctlly
checkNetopiapaymentsResponse is define correctlly
checkNetopiapaymentsResponse is define correctlly
checkNetopiapaymentsResponse is define correctlly
checkNetopiapaymentsResponse is define correctlly
checkNetopiapaymentsResponse is define correctlly
checkNetopiapaymentsResponse is define correctlly
checkNetopiapaymentsResponse is define correctlly
checkNetopiapaymentsResponse is define correctlly
checkNetopiapaymentsResponse is define correctlly
checkNetopiapaymentsResponse is define correctlly
checkNetopiapaymentsResponse is define correctlly
checkNetopiapaymentsResponse is define correctlly
checkNetopiapaymentsResponse is define correctlly
checkNetopiapaymentsResponse is define correctlly
checkNetopiapaymentsResponse is define correctlly
checkNetopiapaymentsResponse is define correctlly
checkNetopiapaymentsResponse is define correctlly
checkNetopiapaymentsResponse is define correctlly
checkNetopiapaymentsResponse is define correctlly
checkNetopiapaymentsResponse is define correctlly
checkNetopiapaymentsResponse is define correctlly
checkNetopiapaymentsResponse is define correctlly
checkNetopiapaymentsResponse is define correctlly
checkNetopiapaymentsResponse is define correctlly
checkNetopiapaymentsResponse is define correctlly
checkNetopiapaymentsResponse is define correctlly
checkNetopiapaymentsResponse is define correctlly
checkNetopiapaymentsResponse is define correctlly
checkNetopiapaymentsResponse is define correctlly
checkNetopiapaymentsResponse is define correctlly
checkNetopiapaymentsResponse is define correctlly
checkNetopiapaymentsResponse is define correctlly
checkNetopiapaymentsResponse is CALLED
IPN is HINT
{"order":{"data":{"wooCommerce":"Version 7.5.1","wordpress":"Version 6.2.2"},"orderID":"544_b603c766cbd2550761d5af3071ea1b5e"},"payment":{"amount":16,"binding":{"expireMonth":0,"expireYear":0},"code":"00","currency":"RON","data":{"RRN":"PznsUhdedepU"},"message":"[TEST P] Approved","ntpID":"1535903","status":8}}
-----------------
--- IPN Response ---
{"data":{"ntpID":"1535903","orderID":"544_b603c766cbd2550761d5af3071ea1b5e","amount":16,"currency":"RON"},"errorType":1,"errorCode":8,"errorMessage":"a previously confirmed payment was refinded. Check the refunded amount."}checkNetopiapaymentsResponse is define correctlly
checkNetopiapaymentsResponse is define correctlly
checkNetopiapaymentsResponse is define correctlly
checkNetopiapaymentsResponse is define correctlly
checkNetopiapaymentsResponse is define correctlly
checkNetopiapaymentsResponse is define correctlly
checkNetopiapaymentsResponse is define correctlly
checkNetopiapaymentsResponse is define correctlly
checkNetopiapaymentsResponse is define correctlly
checkNetopiapaymentsResponse is define correctlly
checkNetopiapaymentsResponse is define correctlly
checkNetopiapaymentsResponse is define correctlly
checkNetopiapaymentsResponse is define correctlly
checkNetopiapaymentsResponse is define correctlly
checkNetopiapaymentsResponse is define correctlly
checkNetopiapaymentsResponse is define correctlly
checkNetopiapaymentsResponse is define correctlly
checkNetopiapaymentsResponse is define correctlly
checkNetopiapaymentsResponse is define correctlly
checkNetopiapaymentsResponse is define correctlly
checkNetopiapaymentsResponse is define correctlly
checkNetopiapaymentsResponse is define correctlly
checkNetopiapaymentsResponse is define correctlly
checkNetopiapaymentsResponse is define correctlly
checkNetopiapaymentsResponse is define correctlly
checkNetopiapaymentsResponse is define correctlly
checkNetopiapaymentsResponse is define correctlly
checkNetopiapaymentsResponse is define correctlly
checkNetopiapaymentsResponse is define correctlly
checkNetopiapaymentsResponse is define correctlly
checkNetopiapaymentsResponse is define correctlly
checkNetopiapaymentsResponse is define correctlly
checkNetopiapaymentsResponse is define correctlly
checkNetopiapaymentsResponse is define correctlly
checkNetopiapaymentsResponse is define correctlly
checkNetopiapaymentsResponse is define correctlly
checkNetopiapaymentsResponse is define correctlly
checkNetopiapaymentsResponse is define correctlly
checkNetopiapaymentsResponse is define correctlly
checkNetopiapaymentsResponse is define correctlly
checkNetopiapaymentsResponse is define correctlly
checkNetopiapaymentsResponse is define correctlly
checkNetopiapaymentsResponse is define correctlly
checkNetopiapaymentsResponse is define correctlly
checkNetopiapaymentsResponse is define correctlly
checkNetopiapaymentsResponse is define correctlly
checkNetopiapaymentsResponse is define correctlly
checkNetopiapaymentsResponse is define correctlly
checkNetopiapaymentsResponse is define correctlly
checkNetopiapaymentsResponse is define correctlly
checkNetopiapaymentsResponse is define correctlly
checkNetopiapaymentsResponse is define correctlly
checkNetopiapaymentsResponse is define correctlly
checkNetopiapaymentsResponse is define correctlly
checkNetopiapaymentsResponse is define correctlly
checkNetopiapaymentsResponse is define correctlly
checkNetopiapaymentsResponse is define correctlly
checkNetopiapaymentsResponse is define correctlly
checkNetopiapaymentsResponse is define correctlly
checkNetopiapaymentsResponse is define correctlly
checkNetopiapaymentsResponse is define correctlly
checkNetopiapaymentsResponse is define correctlly
checkNetopiapaymentsResponse is define correctlly
checkNetopiapaymentsResponse is define correctlly
checkNetopiapaymentsResponse is define correctlly
checkNetopiapaymentsResponse is define correctlly
checkNetopiapaymentsResponse is define correctlly
checkNetopiapaymentsResponse is define correctlly
checkNetopiapaymentsResponse is define correctlly
checkNetopiapaymentsResponse is define correctlly
checkNetopiapaymentsResponse is define correctlly
checkNetopiapaymentsResponse is define correctlly
checkNetopiapaymentsResponse is define correctlly
checkNetopiapaymentsResponse is define correctlly
checkNetopiapaymentsResponse is define correctlly
checkNetopiapaymentsResponse is define correctlly
checkNetopiapaymentsResponse is define correctlly
checkNetopiapaymentsResponse is define correctlly
checkNetopiapaymentsResponse is define correctlly
checkNetopiapaymentsResponse is CALLED
IPN is HINT
{"order":{"data":{"wooCommerce":"Version 7.5.1","wordpress":"Version 6.2.2"},"orderID":"569_4c04ab3bbaedbccb8997310b732cff12"},"payment":{"amount":18,"binding":{"expireMonth":0,"expireYear":0},"code":"00","currency":"RON","data":{"RRN":"SHxdR7oGlOUE"},"message":"[TEST P] Approved","ntpID":"1537284","status":8}}
-----------------
--- IPN Response ---
{"data":{"ntpID":"1537284","orderID":"569_4c04ab3bbaedbccb8997310b732cff12","amount":18,"currency":"RON"},"errorType":1,"errorCode":8,"errorMessage":"a previously confirmed payment was refinded. Check the refunded amount."}checkNetopiapaymentsResponse is define correctlly
checkNetopiapaymentsResponse is define correctlly
checkNetopiapaymentsResponse is define correctlly
checkNetopiapaymentsResponse is define correctlly
checkNetopiapaymentsResponse is define correctlly
checkNetopiapaymentsResponse is define correctlly
checkNetopiapaymentsResponse is define correctlly
checkNetopiapaymentsResponse is define correctlly
checkNetopiapaymentsResponse is define correctlly
checkNetopiapaymentsResponse is define correctlly
checkNetopiapaymentsResponse is define correctlly
checkNetopiapaymentsResponse is define correctlly
checkNetopiapaymentsResponse is define correctlly
checkNetopiapaymentsResponse is define correctlly
checkNetopiapaymentsResponse is define correctlly
checkNetopiapaymentsResponse is define correctlly
checkNetopiapaymentsResponse is define correctlly
checkNetopiapaymentsResponse is define correctlly
checkNetopiapaymentsResponse is define correctlly
checkNetopiapaymentsResponse is define correctlly
checkNetopiapaymentsResponse is define correctlly
checkNetopiapaymentsResponse is define correctlly
checkNetopiapaymentsResponse is define correctlly
checkNetopiapaymentsResponse is define correctlly
checkNetopiapaymentsResponse is define correctlly
checkNetopiapaymentsResponse is define correctlly
checkNetopiapaymentsResponse is define correctlly
checkNetopiapaymentsResponse is define correctlly
checkNetopiapaymentsResponse is define correctlly
checkNetopiapaymentsResponse is define correctlly
checkNetopiapaymentsResponse is define correctlly
checkNetopiapaymentsResponse is define correctlly
checkNetopiapaymentsResponse is define correctlly
checkNetopiapaymentsResponse is define correctlly
checkNetopiapaymentsResponse is define correctlly
checkNetopiapaymentsResponse is define correctlly
checkNetopiapaymentsResponse is define correctlly
checkNetopiapaymentsResponse is define correctlly
checkNetopiapaymentsResponse is define correctlly
checkNetopiapaymentsResponse is define correctlly
checkNetopiapaymentsResponse is define correctlly
checkNetopiapaymentsResponse is define correctlly
checkNetopiapaymentsResponse is define correctlly
checkNetopiapaymentsResponse is define correctlly
checkNetopiapaymentsResponse is define correctlly
checkNetopiapaymentsResponse is define correctlly
checkNetopiapaymentsResponse is define correctlly
checkNetopiapaymentsResponse is define correctlly
checkNetopiapaymentsResponse is define correctlly
checkNetopiapaymentsResponse is define correctlly
checkNetopiapaymentsResponse is define correctlly
checkNetopiapaymentsResponse is define correctlly
checkNetopiapaymentsResponse is define correctlly
checkNetopiapaymentsResponse is define correctlly
checkNetopiapaymentsResponse is define correctlly
checkNetopiapaymentsResponse is define correctlly
checkNetopiapaymentsResponse is define correctlly
checkNetopiapaymentsResponse is define correctlly
checkNetopiapaymentsResponse is define correctlly
checkNetopiapaymentsResponse is define correctlly
checkNetopiapaymentsResponse is define correctlly
checkNetopiapaymentsResponse is define correctlly
checkNetopiapaymentsResponse is define correctlly
checkNetopiapaymentsResponse is define correctlly
checkNetopiapaymentsResponse is define correctlly
checkNetopiapaymentsResponse is define correctlly
checkNetopiapaymentsResponse is define correctlly
checkNetopiapaymentsResponse is define correctlly
checkNetopiapaymentsResponse is define correctlly
checkNetopiapaymentsResponse is define correctlly
checkNetopiapaymentsResponse is define correctlly
checkNetopiapaymentsResponse is define correctlly
checkNetopiapaymentsResponse is define correctlly
checkNetopiapaymentsResponse is define correctlly
checkNetopiapaymentsResponse is define correctlly
checkNetopiapaymentsResponse is define correctlly
checkNetopiapaymentsResponse is define correctlly
checkNetopiapaymentsResponse is define correctlly
checkNetopiapaymentsResponse is define correctlly
checkNetopiapaymentsResponse is define correctlly
checkNetopiapaymentsResponse is define correctlly
checkNetopiapaymentsResponse is define correctlly
checkNetopiapaymentsResponse is define correctlly
checkNetopiapaymentsResponse is define correctlly
checkNetopiapaymentsResponse is define correctlly
checkNetopiapaymentsResponse is define correctlly
checkNetopiapaymentsResponse is define correctlly
checkNetopiapaymentsResponse is define correctlly
checkNetopiapaymentsResponse is define correctlly
checkNetopiapaymentsResponse is define correctlly
checkNetopiapaymentsResponse is define correctlly
checkNetopiapaymentsResponse is define correctlly
checkNetopiapaymentsResponse is define correctlly
checkNetopiapaymentsResponse is define correctlly
checkNetopiapaymentsResponse is define correctlly
checkNetopiapaymentsResponse is define correctlly
checkNetopiapaymentsResponse is define correctlly
checkNetopiapaymentsResponse is define correctlly
checkNetopiapaymentsResponse is define correctlly
checkNetopiapaymentsResponse is define correctlly
checkNetopiapaymentsResponse is define correctlly
checkNetopiapaymentsResponse is define correctlly
checkNetopiapaymentsResponse is define correctlly
checkNetopiapaymentsResponse is define correctlly
checkNetopiapaymentsResponse is define correctlly
checkNetopiapaymentsResponse is define correctlly
checkNetopiapaymentsResponse is define correctlly
checkNetopiapaymentsResponse is define correctlly
checkNetopiapaymentsResponse is define correctlly
checkNetopiapaymentsResponse is define correctlly
checkNetopiapaymentsResponse is define correctlly
checkNetopiapaymentsResponse is define correctlly
checkNetopiapaymentsResponse is define correctlly
checkNetopiapaymentsResponse is define correctlly
checkNetopiapaymentsResponse is define correctlly
checkNetopiapaymentsResponse is define correctlly
checkNetopiapaymentsResponse is define correctlly
checkNetopiapaymentsResponse is define correctlly
checkNetopiapaymentsResponse is define correctlly
checkNetopiapaymentsResponse is define correctlly
checkNetopiapaymentsResponse is define correctlly
checkNetopiapaymentsResponse is define correctlly
checkNetopiapaymentsResponse is define correctlly
checkNetopiapaymentsResponse is define correctlly
checkNetopiapaymentsResponse is CALLED
IPN is HINT
{"order":{"data":{"wooCommerce":"Version 7.5.1","wordpress":"Version 6.2.2"},"orderID":"594_978720344b6586c987aaa6897a0fd6fa"},"payment":{"amount":50,"binding":{"expireMonth":12,"expireYear":2025,"token":"MTc5ODc6ED2VKWjqhHmkGei+A7cuA74Vpd6tJxFiXa293MbkwPtpfoacKcgx76XkwpqrzrfOcYHXm/2QFM7WfBeDtnTrCA=="},"code":"00","currency":"RON","data":{"AuthCode":"DHSE","BIN":"990000","ISSUER":"Netopia GB","ISSUER_COUNTRY":"642","RRN":"aw3-X9y9X5ku"},"message":"Approved","ntpID":"1537357","status":3,"token":"MTc5ODc6ED2VKWjqhHmkGei+A7cuA74Vpd6tJxFiXa293MbkwPtpfoacKcgx76XkwpqrzrfOcYHXm/2QFM7WfBeDtnTrCA=="}}
-----------------
--- IPN Response ---
{"data":{"ntpID":"1537357","orderID":"594_978720344b6586c987aaa6897a0fd6fa","amount":50,"currency":"RON"},"errorType":0,"errorCode":0,"errorMessage":"payment was confirmed; deliver goods"}checkNetopiapaymentsResponse is define correctlly
checkNetopiapaymentsResponse is define correctlly
checkNetopiapaymentsResponse is define correctlly
checkNetopiapaymentsResponse is define correctlly
checkNetopiapaymentsResponse is define correctlly
checkNetopiapaymentsResponse is define correctlly
checkNetopiapaymentsResponse is define correctlly
checkNetopiapaymentsResponse is define correctlly
checkNetopiapaymentsResponse is define correctlly
checkNetopiapaymentsResponse is define correctlly
checkNetopiapaymentsResponse is define correctlly
checkNetopiapaymentsResponse is define correctlly
checkNetopiapaymentsResponse is define correctlly
checkNetopiapaymentsResponse is define correctlly
checkNetopiapaymentsResponse is define correctlly
checkNetopiapaymentsResponse is define correctlly
checkNetopiapaymentsResponse is define correctlly
checkNetopiapaymentsResponse is define correctlly
checkNetopiapaymentsResponse is define correctlly
checkNetopiapaymentsResponse is define correctlly
checkNetopiapaymentsResponse is define correctlly
checkNetopiapaymentsResponse is define correctlly
checkNetopiapaymentsResponse is define correctlly
checkNetopiapaymentsResponse is define correctlly
checkNetopiapaymentsResponse is define correctlly
checkNetopiapaymentsResponse is define correctlly
checkNetopiapaymentsResponse is define correctlly
checkNetopiapaymentsResponse is define correctlly
checkNetopiapaymentsResponse is define correctlly
checkNetopiapaymentsResponse is define correctlly
checkNetopiapaymentsResponse is define correctlly
checkNetopiapaymentsResponse is define correctlly
checkNetopiapaymentsResponse is define correctlly
checkNetopiapaymentsResponse is define correctlly
checkNetopiapaymentsResponse is define correctlly
checkNetopiapaymentsResponse is define correctlly
checkNetopiapaymentsResponse is define correctlly
checkNetopiapaymentsResponse is define correctlly
checkNetopiapaymentsResponse is define correctlly
checkNetopiapaymentsResponse is define correctlly
checkNetopiapaymentsResponse is define correctlly
checkNetopiapaymentsResponse is define correctlly
checkNetopiapaymentsResponse is define correctlly
checkNetopiapaymentsResponse is define correctlly
checkNetopiapaymentsResponse is define correctlly
checkNetopiapaymentsResponse is define correctlly
checkNetopiapaymentsResponse is define correctlly
checkNetopiapaymentsResponse is define correctlly
checkNetopiapaymentsResponse is define correctlly
checkNetopiapaymentsResponse is define correctlly
checkNetopiapaymentsResponse is define correctlly
checkNetopiapaymentsResponse is define correctlly
checkNetopiapaymentsResponse is define correctlly
checkNetopiapaymentsResponse is define correctlly
checkNetopiapaymentsResponse is define correctlly
checkNetopiapaymentsResponse is define correctlly
checkNetopiapaymentsResponse is CALLED
IPN is HINT
{"order":{"data":{"wooCommerce":"Version 7.5.1","wordpress":"Version 6.2.2"},"orderID":"595_6db53d339a20dc3d25316a1b493f4cc2"},"payment":{"amount":18,"binding":{"expireMonth":12,"expireYear":2025,"token":"MTc5OTc6TpfvFGN039TklNn10FgSJYZs0MveLvqSIW5pFPQkZ2BFsXPJscNgGiUoJSaqpeETO/46Ar5ORaz2rKg4OwHy0g=="},"code":"00","currency":"RON","data":{"AuthCode":"dHFE","BIN":"990000","ISSUER":"Netopia GB","ISSUER_COUNTRY":"642","RRN":"ob8iw16XmLN8"},"message":"Approved","ntpID":"1537388","status":3,"token":"MTc5OTc6TpfvFGN039TklNn10FgSJYZs0MveLvqSIW5pFPQkZ2BFsXPJscNgGiUoJSaqpeETO/46Ar5ORaz2rKg4OwHy0g=="}}
-----------------
--- IPN Response ---
{"data":{"ntpID":"1537388","orderID":"595_6db53d339a20dc3d25316a1b493f4cc2","amount":18,"currency":"RON","status":3},"errorType":0,"errorCode":0,"errorMessage":"payment was confirmed; deliver goods"}checkNetopiapaymentsResponse is define correctlly
checkNetopiapaymentsResponse is define correctlly
checkNetopiapaymentsResponse is define correctlly
checkNetopiapaymentsResponse is define correctlly
checkNetopiapaymentsResponse is define correctlly
checkNetopiapaymentsResponse is define correctlly
checkNetopiapaymentsResponse is define correctlly
checkNetopiapaymentsResponse is define correctlly
checkNetopiapaymentsResponse is define correctlly
checkNetopiapaymentsResponse is define correctlly
checkNetopiapaymentsResponse is define correctlly
checkNetopiapaymentsResponse is define correctlly
checkNetopiapaymentsResponse is define correctlly
checkNetopiapaymentsResponse is define correctlly
checkNetopiapaymentsResponse is define correctlly
checkNetopiapaymentsResponse is define correctlly
checkNetopiapaymentsResponse is define correctlly
checkNetopiapaymentsResponse is define correctlly
checkNetopiapaymentsResponse is define correctlly
checkNetopiapaymentsResponse is define correctlly
checkNetopiapaymentsResponse is define correctlly
checkNetopiapaymentsResponse is define correctlly
checkNetopiapaymentsResponse is define correctlly
checkNetopiapaymentsResponse is define correctlly
checkNetopiapaymentsResponse is define correctlly
checkNetopiapaymentsResponse is define correctlly
checkNetopiapaymentsResponse is define correctlly
checkNetopiapaymentsResponse is define correctlly
checkNetopiapaymentsResponse is define correctlly
checkNetopiapaymentsResponse is define correctlly
checkNetopiapaymentsResponse is define correctlly
checkNetopiapaymentsResponse is define correctlly
checkNetopiapaymentsResponse is define correctlly
checkNetopiapaymentsResponse is define correctlly
checkNetopiapaymentsResponse is define correctlly
checkNetopiapaymentsResponse is define correctlly
checkNetopiapaymentsResponse is define correctlly
checkNetopiapaymentsResponse is define correctlly
checkNetopiapaymentsResponse is define correctlly
checkNetopiapaymentsResponse is define correctlly
checkNetopiapaymentsResponse is define correctlly
checkNetopiapaymentsResponse is define correctlly
checkNetopiapaymentsResponse is define correctlly
checkNetopiapaymentsResponse is define correctlly
checkNetopiapaymentsResponse is define correctlly
checkNetopiapaymentsResponse is define correctlly
checkNetopiapaymentsResponse is define correctlly
checkNetopiapaymentsResponse is define correctlly
checkNetopiapaymentsResponse is define correctlly
checkNetopiapaymentsResponse is define correctlly
checkNetopiapaymentsResponse is define correctlly
checkNetopiapaymentsResponse is define correctlly
checkNetopiapaymentsResponse is define correctlly
checkNetopiapaymentsResponse is define correctlly
checkNetopiapaymentsResponse is define correctlly
checkNetopiapaymentsResponse is define correctlly
checkNetopiapaymentsResponse is define correctlly
checkNetopiapaymentsResponse is define correctlly
checkNetopiapaymentsResponse is define correctlly
checkNetopiapaymentsResponse is define correctlly
checkNetopiapaymentsResponse is define correctlly
checkNetopiapaymentsResponse is define correctlly
checkNetopiapaymentsResponse is define correctlly
checkNetopiapaymentsResponse is define correctlly
checkNetopiapaymentsResponse is define correctlly
checkNetopiapaymentsResponse is define correctlly
checkNetopiapaymentsResponse is define correctlly
checkNetopiapaymentsResponse is define correctlly
checkNetopiapaymentsResponse is define correctlly
checkNetopiapaymentsResponse is CALLED
IPN is HINT
{"order":{"data":{"wooCommerce":"Version 7.5.1","wordpress":"Version 6.2.2"},"orderID":"595_6db53d339a20dc3d25316a1b493f4cc2"},"payment":{"amount":18,"binding":{"expireMonth":0,"expireYear":0},"code":"00","currency":"RON","data":{"RRN":"sJ31v4LvSPRH"},"message":"[TEST P] Approved","ntpID":"1537388","status":8}}
-----------------
--- IPN Response ---
{"data":{"ntpID":"1537388","orderID":"595_6db53d339a20dc3d25316a1b493f4cc2","amount":18,"currency":"RON","status":8},"errorType":1,"errorCode":8,"errorMessage":"a previously confirmed payment was refinded. Check the refunded amount."}checkNetopiapaymentsResponse is define correctlly
checkNetopiapaymentsResponse is CALLED
IPN is HINT
checkNetopiapaymentsResponse is define correctlly
checkNetopiapaymentsResponse is define correctlly
checkNetopiapaymentsResponse is define correctlly
checkNetopiapaymentsResponse is define correctlly
checkNetopiapaymentsResponse is define correctlly
checkNetopiapaymentsResponse is define correctlly
checkNetopiapaymentsResponse is define correctlly
checkNetopiapaymentsResponse is define correctlly
checkNetopiapaymentsResponse is define correctlly
checkNetopiapaymentsResponse is define correctlly
checkNetopiapaymentsResponse is define correctlly
checkNetopiapaymentsResponse is define correctlly
checkNetopiapaymentsResponse is define correctlly
checkNetopiapaymentsResponse is define correctlly
checkNetopiapaymentsResponse is define correctlly
checkNetopiapaymentsResponse is define correctlly
checkNetopiapaymentsResponse is define correctlly
checkNetopiapaymentsResponse is define correctlly
checkNetopiapaymentsResponse is define correctlly
checkNetopiapaymentsResponse is define correctlly
checkNetopiapaymentsResponse is define correctlly
checkNetopiapaymentsResponse is define correctlly
checkNetopiapaymentsResponse is define correctlly
checkNetopiapaymentsResponse is define correctlly
checkNetopiapaymentsResponse is define correctlly
checkNetopiapaymentsResponse is define correctlly
checkNetopiapaymentsResponse is define correctlly
checkNetopiapaymentsResponse is define correctlly
checkNetopiapaymentsResponse is define correctlly
checkNetopiapaymentsResponse is CALLED
IPN is HINT
{"order":{"data":{"wooCommerce":"Version 7.5.1","wordpress":"Version 6.2.2"},"orderID":"600_9a57a80d0f15979cf7a85b7dbb6ffccf"},"payment":{"amount":18,"binding":{"expireMonth":12,"expireYear":2025,"token":"MTgwMDg66JXMHpy7Hl/oW52AClvtVpbk3xd3VHwc3sOd6Azerwkjrc2SSEuwIRgSUhrcN1hz2/I5oxrZ0sbwYwpNT+nLcw=="},"code":"00","currency":"RON","data":{"AuthCode":"Owxw","BIN":"990000","ISSUER":"Netopia GB","ISSUER_COUNTRY":"642","RRN":"LkaHiu8I4xgA"},"message":"Approved","ntpID":"1537451","status":3,"token":"MTgwMDg66JXMHpy7Hl/oW52AClvtVpbk3xd3VHwc3sOd6Azerwkjrc2SSEuwIRgSUhrcN1hz2/I5oxrZ0sbwYwpNT+nLcw=="}}
-----------------
--- IPN Response ---
{"data":{"ntpID":"1537451","orderID":"600_9a57a80d0f15979cf7a85b7dbb6ffccf","amount":18,"currency":"RON","status":3},"errorType":0,"errorCode":0,"errorMessage":"payment was confirmed; deliver goods"}checkNetopiapaymentsResponse is define correctlly
checkNetopiapaymentsResponse is define correctlly
checkNetopiapaymentsResponse is define correctlly
checkNetopiapaymentsResponse is define correctlly
checkNetopiapaymentsResponse is define correctlly
checkNetopiapaymentsResponse is define correctlly
checkNetopiapaymentsResponse is define correctlly
checkNetopiapaymentsResponse is define correctlly
checkNetopiapaymentsResponse is define correctlly
checkNetopiapaymentsResponse is define correctlly
checkNetopiapaymentsResponse is define correctlly
checkNetopiapaymentsResponse is define correctlly
checkNetopiapaymentsResponse is define correctlly
checkNetopiapaymentsResponse is define correctlly
checkNetopiapaymentsResponse is define correctlly
checkNetopiapaymentsResponse is define correctlly
checkNetopiapaymentsResponse is define correctlly
checkNetopiapaymentsResponse is define correctlly
checkNetopiapaymentsResponse is define correctlly
checkNetopiapaymentsResponse is define correctlly
checkNetopiapaymentsResponse is define correctlly
checkNetopiapaymentsResponse is define correctlly
checkNetopiapaymentsResponse is define correctlly
checkNetopiapaymentsResponse is define correctlly
checkNetopiapaymentsResponse is define correctlly
checkNetopiapaymentsResponse is define correctlly
checkNetopiapaymentsResponse is CALLED
IPN is HINT
{"order":{"data":{"wooCommerce":"Version 7.5.1","wordpress":"Version 6.2.2"},"orderID":"601_0bc44445c81ec6dcff72d1ca0192607c"},"payment":{"amount":36,"binding":{"expireMonth":12,"expireYear":2025,"token":"MTgzOTI6SQTmKdFz3awYWVPgFJ3Q5nlz1c64ElAP5N9w8NX4G7c372h+dQF+2R8RWvzg+Y75VS6d6uaVzYgmLXMuEsmKag=="},"code":"00","currency":"RON","data":{"AuthCode":"XaJA","BIN":"990000","ISSUER":"Netopia GB","ISSUER_COUNTRY":"642","RRN":"bPW2WrnLU2qj"},"message":"Approved","ntpID":"1539728","status":3,"token":"MTgzOTI6SQTmKdFz3awYWVPgFJ3Q5nlz1c64ElAP5N9w8NX4G7c372h+dQF+2R8RWvzg+Y75VS6d6uaVzYgmLXMuEsmKag=="}}
-----------------
--- IPN Response ---
{"data":{"ntpID":"1539728","orderID":"601_0bc44445c81ec6dcff72d1ca0192607c","amount":36,"currency":"RON","status":3},"errorType":0,"errorCode":0,"errorMessage":"payment was confirmed; deliver goods"}checkNetopiapaymentsResponse is define correctlly
checkNetopiapaymentsResponse is define correctlly
checkNetopiapaymentsResponse is define correctlly
checkNetopiapaymentsResponse is define correctlly
checkNetopiapaymentsResponse is define correctlly
checkNetopiapaymentsResponse is define correctlly
checkNetopiapaymentsResponse is define correctlly
checkNetopiapaymentsResponse is define correctlly
checkNetopiapaymentsResponse is define correctlly
checkNetopiapaymentsResponse is define correctlly
checkNetopiapaymentsResponse is define correctlly
checkNetopiapaymentsResponse is define correctlly
checkNetopiapaymentsResponse is define correctlly
checkNetopiapaymentsResponse is define correctlly
checkNetopiapaymentsResponse is define correctlly
checkNetopiapaymentsResponse is define correctlly
checkNetopiapaymentsResponse is define correctlly
checkNetopiapaymentsResponse is define correctlly
checkNetopiapaymentsResponse is define correctlly
checkNetopiapaymentsResponse is define correctlly
checkNetopiapaymentsResponse is define correctlly
checkNetopiapaymentsResponse is define correctlly
checkNetopiapaymentsResponse is define correctlly
checkNetopiapaymentsResponse is define correctlly
checkNetopiapaymentsResponse is CALLED
IPN is HINT
{"order":{"data":{"wooCommerce":"Version 7.5.1","wordpress":"Version 6.2.2"},"orderID":"602_48c21af3657ae397033da5639957cafd"},"payment":{"amount":18,"binding":{"expireMonth":12,"expireYear":2025,"token":"MTgzOTM6Kf+prn9FQWqynN0+UsH92bW7NIEon3kluca2bgk+LEuwbcBXUzzRfalHC6yrkY9oA2uwWX4/cDJufVm6mUwbJA=="},"code":"00","currency":"RON","data":{"AuthCode":"rvfe","BIN":"990000","ISSUER":"Netopia GB","ISSUER_COUNTRY":"642","RRN":"MbwdYLVg0HBw"},"message":"Approved","ntpID":"1539729","status":3,"token":"MTgzOTM6Kf+prn9FQWqynN0+UsH92bW7NIEon3kluca2bgk+LEuwbcBXUzzRfalHC6yrkY9oA2uwWX4/cDJufVm6mUwbJA=="}}
-----------------
--- IPN Response ---
{"data":{"ntpID":"1539729","orderID":"602_48c21af3657ae397033da5639957cafd","amount":18,"currency":"RON","status":3},"errorType":0,"errorCode":0,"errorMessage":"payment was confirmed; deliver goods"}checkNetopiapaymentsResponse is define correctlly
checkNetopiapaymentsResponse is define correctlly
checkNetopiapaymentsResponse is define correctlly
checkNetopiapaymentsResponse is CALLED
IPN is HINT
checkNetopiapaymentsResponse is define correctlly
checkNetopiapaymentsResponse is CALLED
IPN is HINT
checkNetopiapaymentsResponse is define correctlly
checkNetopiapaymentsResponse is CALLED
IPN is HINT
checkNetopiapaymentsResponse is define correctlly
checkNetopiapaymentsResponse is define correctlly
checkNetopiapaymentsResponse is define correctlly
checkNetopiapaymentsResponse is define correctlly
checkNetopiapaymentsResponse is define correctlly
checkNetopiapaymentsResponse is define correctlly
checkNetopiapaymentsResponse is define correctlly
checkNetopiapaymentsResponse is define correctlly
checkNetopiapaymentsResponse is define correctlly
checkNetopiapaymentsResponse is define correctlly
checkNetopiapaymentsResponse is define correctlly
checkNetopiapaymentsResponse is define correctlly
checkNetopiapaymentsResponse is define correctlly
checkNetopiapaymentsResponse is define correctlly
checkNetopiapaymentsResponse is define correctlly
checkNetopiapaymentsResponse is define correctlly
checkNetopiapaymentsResponse is define correctlly
checkNetopiapaymentsResponse is define correctlly
checkNetopiapaymentsResponse is define correctlly
checkNetopiapaymentsResponse is define correctlly
checkNetopiapaymentsResponse is define correctlly
checkNetopiapaymentsResponse is CALLED
IPN is HINT
{"order":{"data":{"wooCommerce":"Version 7.5.1","wordpress":"Version 6.2.2"},"orderID":"603_7f72623089dc3d38d0f7dc04254a91af"},"payment":{"amount":18,"binding":{"expireMonth":0,"expireYear":0},"code":"20","currency":"RON","message":"Insufficient funds","ntpID":"1539730","status":12}}
-----------------
--- IPN Response ---
{"data":{"ntpID":"1539730","orderID":"603_7f72623089dc3d38d0f7dc04254a91af","amount":18,"currency":"RON","status":12},"errorType":1,"errorCode":12,"errorMessage":"Payment is DECLINED (Insufficient funds)"}checkNetopiapaymentsResponse is define correctlly
checkNetopiapaymentsResponse is define correctlly
checkNetopiapaymentsResponse is define correctlly
checkNetopiapaymentsResponse is define correctlly
checkNetopiapaymentsResponse is define correctlly
checkNetopiapaymentsResponse is define correctlly
checkNetopiapaymentsResponse is define correctlly
checkNetopiapaymentsResponse is define correctlly
checkNetopiapaymentsResponse is define correctlly
checkNetopiapaymentsResponse is define correctlly
checkNetopiapaymentsResponse is define correctlly
checkNetopiapaymentsResponse is define correctlly
checkNetopiapaymentsResponse is define correctlly
checkNetopiapaymentsResponse is define correctlly
checkNetopiapaymentsResponse is define correctlly
checkNetopiapaymentsResponse is CALLED
IPN is HINT
checkNetopiapaymentsResponse is define correctlly
checkNetopiapaymentsResponse is define correctlly
checkNetopiapaymentsResponse is define correctlly
checkNetopiapaymentsResponse is define correctlly
checkNetopiapaymentsResponse is CALLED
IPN is HINT
{"order":{"data":{"wooCommerce":"Version 7.5.1","wordpress":"Version 6.2.2"},"orderID":"603_7f72623089dc3d38d0f7dc04254a91af"},"payment":{"amount":18,"binding":{"expireMonth":0,"expireYear":0},"code":"21","currency":"RON","message":"Invalid CVV","ntpID":"1539730","status":12}}
-----------------
--- IPN Response ---
{"data":{"ntpID":"1539730","orderID":"603_7f72623089dc3d38d0f7dc04254a91af","amount":18,"currency":"RON","status":12},"errorType":1,"errorCode":12,"errorMessage":"Payment is DECLINED (Invalid CVV)"}checkNetopiapaymentsResponse is define correctlly
checkNetopiapaymentsResponse is define correctlly
checkNetopiapaymentsResponse is define correctlly
checkNetopiapaymentsResponse is define correctlly
checkNetopiapaymentsResponse is define correctlly
checkNetopiapaymentsResponse is define correctlly
checkNetopiapaymentsResponse is define correctlly
checkNetopiapaymentsResponse is define correctlly
